<?xml version="1.0" encoding="UTF-8"?>
<!-- Generated by org.testng.reporters.JUnitXMLReporter -->
<testsuite ignored="0" hostname="DESKTOP-7CLG932" failures="1" tests="2" name="Surefire test" time="10.613" errors="0" timestamp="2024-09-23T17:38:52 IST">
  <testcase classname="io.cucumber.testng.AbstractTestNGCucumberTests" name="runScenario" time="7.749">
    <failure type="java.lang.AssertionError" message="expected [Beetroot] but found [No data]">
      <![CDATA[java.lang.AssertionError: expected [Beetroot] but found [No data]
at stepdefinitions.OffersPageStepDefinition.validateLandingPageAndOffersPageProduct(OffersPageStepDefinition.java:40)
at ✽.validate product name searched matches in offers page and landing page(file:///C:/Users/DELL/eclipse-workspace/CucumberProject/src/test/java/features/searchProduct.feature:8)
... Removed 6 stack frames]]>
    </failure>
  </testcase> <!-- runScenario -->
  <testcase classname="io.cucumber.testng.AbstractTestNGCucumberTests" name="runScenario" time="9.328"/>
</testsuite> <!-- Surefire test -->
