<?xml version="1.0" encoding="UTF-8"?>
<!-- Generated by org.testng.reporters.JUnitReportReporter -->
<testsuite hostname="DESKTOP-7CLG932" failures="1" tests="2" name="cucumberOptions.TestNGTestRunner" time="17.077" errors="0" timestamp="2024-09-23T17:38:52 IST" skipped="0">
  <testcase classname="cucumberOptions.TestNGTestRunner" name="runScenario" time="7.749">
    <failure message="expected [Beetroot] but found [No data]" type="java.lang.AssertionError">
      <![CDATA[java.lang.AssertionError: expected [Beetroot] but found [No data]
at org.testng.Assert.fail(Assert.java:111)
at org.testng.Assert.failNotEquals(Assert.java:1578)
at org.testng.Assert.assertEqualsImpl(Assert.java:150)
at org.testng.Assert.assertEquals(Assert.java:132)
at org.testng.Assert.assertEquals(Assert.java:656)
at org.testng.Assert.assertEquals(Assert.java:666)
at stepdefinitions.OffersPageStepDefinition.validateLandingPageAndOffersPageProduct(OffersPageStepDefinition.java:40)
at ✽.validate product name searched matches in offers page and landing page(file:///C:/Users/DELL/eclipse-workspace/CucumberProject/src/test/java/features/searchProduct.feature:8)
]]>
    </failure>
  </testcase> <!-- runScenario -->
  <testcase classname="cucumberOptions.TestNGTestRunner" name="runScenario" time="9.328"/>
</testsuite> <!-- cucumberOptions.TestNGTestRunner -->
